-Xajruntimetarget:1.5
-1.8
-encoding
UTF-8
-outxml
-source
1.8
-target
1.8
-classpath
C:\Users\santos.da\.m2\repository\org\springframework\spring-core\5.3.8\spring-core-5.3.8.jar;C:\Users\santos.da\.m2\repository\org\springframework\spring-aspects\5.3.8\spring-aspects-5.3.8.jar;C:\Users\santos.da\.m2\repository\org\springframework\spring-web\5.3.8\spring-web-5.3.8.jar;C:\Users\santos.da\.m2\repository\org\springframework\spring-webmvc\5.3.8\spring-webmvc-5.3.8.jar;C:\Users\santos.da\.m2\repository\org\springframework\spring-jdbc\5.3.8\spring-jdbc-5.3.8.jar;C:\Users\santos.da\.m2\repository\org\springframework\data\spring-data-jpa\2.5.1\spring-data-jpa-2.5.1.jar;C:\Users\santos.da\.m2\repository\javax\validation\validation-api\2.0.1.Final\validation-api-2.0.1.Final.jar;C:\Users\santos.da\.m2\repository\org\hibernate\validator\hibernate-validator\7.0.1.Final\hibernate-validator-7.0.1.Final.jar;C:\Users\santos.da\.m2\repository\org\hibernate\hibernate-core\5.5.2.Final\hibernate-core-5.5.2.Final.jar;C:\Users\santos.da\.m2\repository\org\hibernate\hibernate-entitymanager\5.5.2.Final\hibernate-entitymanager-5.5.2.Final.jar;C:\Users\santos.da\.m2\repository\org\hibernate\javax\persistence\hibernate-jpa-2.1-api\1.0.2\hibernate-jpa-2.1-api-1.0.2.jar;C:\Users\santos.da\.m2\repository\org\springframework\spring-orm\5.3.8\spring-orm-5.3.8.jar;C:\Users\santos.da\.m2\repository\org\slf4j\jcl-over-slf4j\2.0.0-alpha1\jcl-over-slf4j-2.0.0-alpha1.jar;C:\Users\santos.da\.m2\repository\org\slf4j\slf4j-api\2.0.0-alpha1\slf4j-api-2.0.0-alpha1.jar;C:\Users\santos.da\.m2\repository\org\slf4j\slf4j-log4j12\2.0.0-alpha1\slf4j-log4j12-2.0.0-alpha1.jar;C:\Users\santos.da\.m2\repository\log4j\log4j\1.2.17-atlassian-13\log4j-1.2.17-atlassian-13.jar;C:\Users\santos.da\.m2\repository\org\aspectj\aspectjrt\1.9.6\aspectjrt-1.9.6.jar;C:\Users\santos.da\.m2\repository\org\aspectj\aspectjtools\1.9.6\aspectjtools-1.9.6.jar;C:\Users\santos.da\.m2\repository\cglib\cglib-nodep\3.3.0\cglib-nodep-3.3.0.jar;C:\Users\santos.da\.m2\repository\javax\inject\javax.inject\1.0-PFD-1\javax.inject-1.0-PFD-1.jar;C:\Users\santos.da\.m2\repository\postgresql\postgresql\9.4.1208-jdbc42-atlassian-hosted\postgresql-9.4.1208-jdbc42-atlassian-hosted.jar;C:\Users\santos.da\.m2\repository\commons-dbcp\commons-dbcp\20030825.184428\commons-dbcp-20030825.184428.jar;C:\Users\santos.da\.m2\repository\javax\servlet\javax.servlet-api\4.0.1\javax.servlet-api-4.0.1.jar;C:\Users\santos.da\.m2\repository\javax\servlet\jsp\javax.servlet.jsp-api\2.3.3\javax.servlet.jsp-api-2.3.3.jar;C:\Users\santos.da\.m2\repository\jstl\jstl\1.2\jstl-1.2.jar;C:\Users\santos.da\.m2\repository\org\codehaus\jackson\jackson-mapper-asl\1.9.13\jackson-mapper-asl-1.9.13.jar;C:\Users\santos.da\.m2\repository\org\apache\tiles\tiles-jsp\3.0.8\tiles-jsp-3.0.8.jar;C:\Users\santos.da\.m2\repository\org\apache\tiles\tiles-el\3.0.8\tiles-el-3.0.8.jar;C:\Users\santos.da\.m2\repository\net\sf\opencsv\opencsv\2.4\opencsv-2.4.jar;C:\Users\santos.da\.m2\repository\org\springframework\spring-test\5.3.8\spring-test-5.3.8.jar;C:\Users\santos.da\.m2\repository\org\junit\jupiter\junit-jupiter-api\5.7.2\junit-jupiter-api-5.7.2.jar;C:\Users\santos.da\.m2\repository\org\hamcrest\hamcrest-library\2.2\hamcrest-library-2.2.jar;C:\Users\santos.da\.m2\repository\org\mockito\mockito-core\3.11.1\mockito-core-3.11.1.jar;C:\Users\santos.da\.m2\repository\org\springframework\spring-jcl\5.3.8\spring-jcl-5.3.8.jar;C:\Users\santos.da\.m2\repository\org\aspectj\aspectjweaver\1.9.6\aspectjweaver-1.9.6.jar;C:\Users\santos.da\.m2\repository\org\springframework\spring-beans\5.3.8\spring-beans-5.3.8.jar;C:\Users\santos.da\.m2\repository\org\springframework\spring-aop\5.3.8\spring-aop-5.3.8.jar;C:\Users\santos.da\.m2\repository\org\springframework\spring-context\5.3.8\spring-context-5.3.8.jar;C:\Users\santos.da\.m2\repository\org\springframework\spring-expression\5.3.8\spring-expression-5.3.8.jar;C:\Users\santos.da\.m2\repository\org\springframework\spring-tx\5.3.8\spring-tx-5.3.8.jar;C:\Users\santos.da\.m2\repository\org\springframework\data\spring-data-commons\2.5.1\spring-data-commons-2.5.1.jar;C:\Users\santos.da\.m2\repository\jakarta\validation\jakarta.validation-api\3.0.0\jakarta.validation-api-3.0.0.jar;C:\Users\santos.da\.m2\repository\org\jboss\logging\jboss-logging\3.4.1.Final\jboss-logging-3.4.1.Final.jar;C:\Users\santos.da\.m2\repository\com\fasterxml\classmate\1.5.1\classmate-1.5.1.jar;C:\Users\santos.da\.m2\repository\javax\persistence\javax.persistence-api\2.2\javax.persistence-api-2.2.jar;C:\Users\santos.da\.m2\repository\org\javassist\javassist\3.27.0-GA\javassist-3.27.0-GA.jar;C:\Users\santos.da\.m2\repository\net\bytebuddy\byte-buddy\1.10.22\byte-buddy-1.10.22.jar;C:\Users\santos.da\.m2\repository\antlr\antlr\2.7.7\antlr-2.7.7.jar;C:\Users\santos.da\.m2\repository\org\jboss\spec\javax\transaction\jboss-transaction-api_1.2_spec\1.1.1.Final\jboss-transaction-api_1.2_spec-1.1.1.Final.jar;C:\Users\santos.da\.m2\repository\org\jboss\jandex\2.2.3.Final\jandex-2.2.3.Final.jar;C:\Users\santos.da\.m2\repository\javax\activation\javax.activation-api\1.2.0\javax.activation-api-1.2.0.jar;C:\Users\santos.da\.m2\repository\org\hibernate\common\hibernate-commons-annotations\5.1.2.Final\hibernate-commons-annotations-5.1.2.Final.jar;C:\Users\santos.da\.m2\repository\javax\xml\bind\jaxb-api\2.3.1\jaxb-api-2.3.1.jar;C:\Users\santos.da\.m2\repository\org\glassfish\jaxb\jaxb-runtime\2.3.1\jaxb-runtime-2.3.1.jar;C:\Users\santos.da\.m2\repository\org\glassfish\jaxb\txw2\2.3.1\txw2-2.3.1.jar;C:\Users\santos.da\.m2\repository\com\sun\istack\istack-commons-runtime\3.0.7\istack-commons-runtime-3.0.7.jar;C:\Users\santos.da\.m2\repository\org\jvnet\staxex\stax-ex\1.8\stax-ex-1.8.jar;C:\Users\santos.da\.m2\repository\com\sun\xml\fastinfoset\FastInfoset\1.2.15\FastInfoset-1.2.15.jar;C:\Users\santos.da\.m2\repository\org\codehaus\jackson\jackson-core-asl\1.9.13\jackson-core-asl-1.9.13.jar;C:\Users\santos.da\.m2\repository\org\apache\tiles\tiles-servlet\3.0.8\tiles-servlet-3.0.8.jar;C:\Users\santos.da\.m2\repository\org\apache\tiles\tiles-request-servlet\1.0.7\tiles-request-servlet-1.0.7.jar;C:\Users\santos.da\.m2\repository\org\apache\tiles\tiles-template\3.0.8\tiles-template-3.0.8.jar;C:\Users\santos.da\.m2\repository\org\apache\tiles\tiles-api\3.0.8\tiles-api-3.0.8.jar;C:\Users\santos.da\.m2\repository\org\apache\tiles\tiles-autotag-core-runtime\1.2\tiles-autotag-core-runtime-1.2.jar;C:\Users\santos.da\.m2\repository\org\apache\tiles\tiles-request-jsp\1.0.7\tiles-request-jsp-1.0.7.jar;C:\Users\santos.da\.m2\repository\org\apache\tiles\tiles-request-api\1.0.7\tiles-request-api-1.0.7.jar;C:\Users\santos.da\.m2\repository\org\apache\tiles\tiles-core\3.0.8\tiles-core-3.0.8.jar;C:\Users\santos.da\.m2\repository\commons-digester\commons-digester\2.0\commons-digester-2.0.jar;C:\Users\santos.da\.m2\repository\commons-beanutils\commons-beanutils\1.8.0\commons-beanutils-1.8.0.jar;C:\projects\trainning\pluralsight-camel-intro\target\classes
-aspectpath
C:\Users\santos.da\.m2\repository\org\springframework\spring-aspects\5.3.8\spring-aspects-5.3.8.jar
-d
C:\projects\trainning\pluralsight-camel-intro\target\classes
C:\projects\trainning\pluralsight-camel-intro\src\main\java\com\pluralsight\orderfulfillment\catalog\CatalogItem.java
C:\projects\trainning\pluralsight-camel-intro\src\main\java\com\pluralsight\orderfulfillment\catalog\CatalogItemEntity.java
C:\projects\trainning\pluralsight-camel-intro\src\main\java\com\pluralsight\orderfulfillment\catalog\CatalogItemRepository.java
C:\projects\trainning\pluralsight-camel-intro\src\main\java\com\pluralsight\orderfulfillment\config\Application.java
C:\projects\trainning\pluralsight-camel-intro\src\main\java\com\pluralsight\orderfulfillment\config\DataConfig.java
C:\projects\trainning\pluralsight-camel-intro\src\main\java\com\pluralsight\orderfulfillment\config\WebConfig.java
C:\projects\trainning\pluralsight-camel-intro\src\main\java\com\pluralsight\orderfulfillment\config\WebContextInitializer.java
C:\projects\trainning\pluralsight-camel-intro\src\main\java\com\pluralsight\orderfulfillment\customer\Customer.java
C:\projects\trainning\pluralsight-camel-intro\src\main\java\com\pluralsight\orderfulfillment\customer\CustomerEntity.java
C:\projects\trainning\pluralsight-camel-intro\src\main\java\com\pluralsight\orderfulfillment\customer\CustomerRepository.java
C:\projects\trainning\pluralsight-camel-intro\src\main\java\com\pluralsight\orderfulfillment\order\DefaultOrderService.java
C:\projects\trainning\pluralsight-camel-intro\src\main\java\com\pluralsight\orderfulfillment\order\fulfillment\FulfillmentCommand.java
C:\projects\trainning\pluralsight-camel-intro\src\main\java\com\pluralsight\orderfulfillment\order\fulfillment\FulfillmentContext.java
C:\projects\trainning\pluralsight-camel-intro\src\main\java\com\pluralsight\orderfulfillment\order\fulfillment\FulfillmentProcessor.java
C:\projects\trainning\pluralsight-camel-intro\src\main\java\com\pluralsight\orderfulfillment\order\fulfillment\NewOrderRetrievalCommand.java
C:\projects\trainning\pluralsight-camel-intro\src\main\java\com\pluralsight\orderfulfillment\order\fulfillment\NewOrderSendToFulfillmentCenterOneCommand.java
C:\projects\trainning\pluralsight-camel-intro\src\main\java\com\pluralsight\orderfulfillment\order\Order.java
C:\projects\trainning\pluralsight-camel-intro\src\main\java\com\pluralsight\orderfulfillment\order\OrderController.java
C:\projects\trainning\pluralsight-camel-intro\src\main\java\com\pluralsight\orderfulfillment\order\OrderEntity.java
C:\projects\trainning\pluralsight-camel-intro\src\main\java\com\pluralsight\orderfulfillment\order\OrderItem.java
C:\projects\trainning\pluralsight-camel-intro\src\main\java\com\pluralsight\orderfulfillment\order\OrderItemEntity.java
C:\projects\trainning\pluralsight-camel-intro\src\main\java\com\pluralsight\orderfulfillment\order\OrderItemRepository.java
C:\projects\trainning\pluralsight-camel-intro\src\main\java\com\pluralsight\orderfulfillment\order\OrderRepository.java
C:\projects\trainning\pluralsight-camel-intro\src\main\java\com\pluralsight\orderfulfillment\order\OrderService.java
C:\projects\trainning\pluralsight-camel-intro\src\main\java\com\pluralsight\orderfulfillment\order\OrderStatus.java
